Using pre-set license
Built from '2020.2/release' branch; Version is '2020.2.1f1 (270dd8c3da1c) revision 2559448'; Using compiler version '192528614'; Build Type 'Release'
OS: 'Windows 10  (10.0.0) 64bit' Language: 'en' Physical Memory: 16281 MB
BatchMode: 1, IsHumanControllingUs: 0, StartBugReporterOnCrash: 0, Is64bit: 1, IsPro: 0

 COMMAND LINE ARGUMENTS:
C:\Program Files\Unity\Hub\Editor\2020.2.1f1\Editor\Unity.exe
-adb2
-batchMode
-noUpm
-name
AssetImportWorker0
-projectPath
C:/Users/Nekier/Documents/GitHub/Reclamation-of-Xanthros/Tower_Reclamation
-logFile
Logs/AssetImportWorker0.log
-srvPort
61327
Successfully changed project path to: C:/Users/Nekier/Documents/GitHub/Reclamation-of-Xanthros/Tower_Reclamation
C:/Users/Nekier/Documents/GitHub/Reclamation-of-Xanthros/Tower_Reclamation
Using Asset Import Pipeline V2.
Refreshing native plugins compatible for Editor in 59.46 ms, found 0 plugins.
Preloading 0 native plugins for Editor in 0.00 ms.
Initialize engine version: 2020.2.1f1 (270dd8c3da1c)
[Subsystems] Discovering subsystems at path C:/Program Files/Unity/Hub/Editor/2020.2.1f1/Editor/Data/Resources/UnitySubsystems
[Subsystems] Discovering subsystems at path C:/Users/Nekier/Documents/GitHub/Reclamation-of-Xanthros/Tower_Reclamation/Assets
GfxDevice: creating device client; threaded=0
Direct3D:
    Version:  Direct3D 11.0 [level 11.1]
    Renderer: NVIDIA GeForce RTX 2070 with Max-Q Design (ID=0x1f10)
    Vendor:   
    VRAM:     8031 MB
    Driver:   25.21.14.1971
Initialize mono
Mono path[0] = 'C:/Program Files/Unity/Hub/Editor/2020.2.1f1/Editor/Data/Managed'
Mono path[1] = 'C:/Program Files/Unity/Hub/Editor/2020.2.1f1/Editor/Data/MonoBleedingEdge/lib/mono/unityjit'
Mono config path = 'C:/Program Files/Unity/Hub/Editor/2020.2.1f1/Editor/Data/MonoBleedingEdge/etc'
Using monoOptions --debugger-agent=transport=dt_socket,embedding=1,server=y,suspend=n,address=127.0.0.1:56848
Begin MonoManager ReloadAssembly
Registering precompiled unity dll's ...
Register platform support module: C:/Program Files/Unity/Hub/Editor/2020.2.1f1/Editor/Data/PlaybackEngines/WindowsStandaloneSupport/UnityEditor.WindowsStandalone.Extensions.dll
Registered in 0.002503 seconds.
Native extension for WindowsStandalone target not found
Refreshing native plugins compatible for Editor in 51.84 ms, found 0 plugins.
Preloading 0 native plugins for Editor in 0.00 ms.
Invoked RoslynAnalysisRunner static constructor.
RoslynAnalysisRunner will not be running.
RoslynAnalysisRunner has terminated.
Mono: successfully reloaded assembly
- Completed reload, in  2.270 seconds
Platform modules already initialized, skipping
Registering precompiled user dll's ...
Registered in 0.002762 seconds.
Begin MonoManager ReloadAssembly
Native extension for WindowsStandalone target not found
Refreshing native plugins compatible for Editor in 52.96 ms, found 0 plugins.
Preloading 0 native plugins for Editor in 0.00 ms.
Invoked RoslynAnalysisRunner static constructor.
RoslynAnalysisRunner will not be running.
RoslynAnalysisRunner has terminated.
Mono: successfully reloaded assembly
- Completed reload, in  0.947 seconds
Platform modules already initialized, skipping
========================================================================
Worker process is ready to serve import requests
Launched and connected shader compiler UnityShaderCompiler.exe after 0.05 seconds
Refreshing native plugins compatible for Editor in 0.46 ms, found 0 plugins.
Preloading 0 native plugins for Editor in 0.00 ms.
Unloading 1835 Unused Serialized files (Serialized files now loaded: 0)
System memory in use before: 104.0 MB.
System memory in use after: 104.0 MB.

Unloading 33 unused Assets to reduce memory usage. Loaded Objects now: 2286.
Total: 1.817800 ms (FindLiveObjects: 0.195200 ms CreateObjectMapping: 0.065200 ms MarkObjects: 1.434800 ms  DeleteObjects: 0.121400 ms)

========================================================================
Received Import Request.
  path: Assets/Prefabs/Enemies/Slime enemy/WormAlien.prefab
  artifactKey: Guid(d63f06c6d460954419e689d32b324195) Importer(815301076,1909f56bfc062723c751e8b465ee728b)
Start importing Assets/Prefabs/Enemies/Slime enemy/WormAlien.prefab using Guid(d63f06c6d460954419e689d32b324195) Importer(815301076,1909f56bfc062723c751e8b465ee728b)  -> (artifact id: '2a4f29657e46b94778e632dea9290de5') in 0.095122 seconds
  Import took 0.099312 seconds .

========================================================================
Received Import Request.
  Time since last request: 0.001025 seconds.
  path: Assets/Prefabs/Enemies/Burrower/BurrowerShell.prefab
  artifactKey: Guid(60fcd257385cf79458a1b48f661760ae) Importer(815301076,1909f56bfc062723c751e8b465ee728b)
Start importing Assets/Prefabs/Enemies/Burrower/BurrowerShell.prefab using Guid(60fcd257385cf79458a1b48f661760ae) Importer(815301076,1909f56bfc062723c751e8b465ee728b)  -> (artifact id: 'e9a74df49c78c491cb510e9a18db045e') in 0.072483 seconds
  Import took 0.076612 seconds .

========================================================================
Received Import Request.
  Time since last request: 0.496552 seconds.
  path: Assets/Prefabs/Enemies/Slime enemy/SlimerMovement.cs
  artifactKey: Guid(abde3053ebc0a7641a3eaff1788a3156) Importer(815301076,1909f56bfc062723c751e8b465ee728b)
Start importing Assets/Prefabs/Enemies/Slime enemy/SlimerMovement.cs using Guid(abde3053ebc0a7641a3eaff1788a3156) Importer(815301076,1909f56bfc062723c751e8b465ee728b)  -> (artifact id: '670375bb8333da20e6b533bc062455bb') in 0.009762 seconds
  Import took 0.012696 seconds .

========================================================================
Received Import Request.
  Time since last request: 0.023818 seconds.
  path: Assets/Prefabs/Enemies/Slime enemy/SlimerMovement.cs
  artifactKey: Guid(abde3053ebc0a7641a3eaff1788a3156) Importer(815301076,1909f56bfc062723c751e8b465ee728b)
Start importing Assets/Prefabs/Enemies/Slime enemy/SlimerMovement.cs using Guid(abde3053ebc0a7641a3eaff1788a3156) Importer(815301076,1909f56bfc062723c751e8b465ee728b)  -> (artifact id: '670375bb8333da20e6b533bc062455bb') in 0.004260 seconds
  Import took 0.007605 seconds .

========================================================================
Received Prepare
Registering precompiled user dll's ...
Registered in 0.004002 seconds.
Begin MonoManager ReloadAssembly
Native extension for WindowsStandalone target not found
Refreshing native plugins compatible for Editor in 0.62 ms, found 0 plugins.
Preloading 0 native plugins for Editor in 0.00 ms.
Invoked RoslynAnalysisRunner static constructor.
RoslynAnalysisRunner will not be running.
RoslynAnalysisRunner has terminated.
Mono: successfully reloaded assembly
- Completed reload, in  1.225 seconds
Platform modules already initialized, skipping
Refreshing native plugins compatible for Editor in 1.67 ms, found 0 plugins.
Preloading 0 native plugins for Editor in 0.00 ms.
Unloading 1785 Unused Serialized files (Serialized files now loaded: 0)
System memory in use before: 104.5 MB.
System memory in use after: 104.6 MB.

Unloading 27 unused Assets to reduce memory usage. Loaded Objects now: 2298.
Total: 1.786500 ms (FindLiveObjects: 0.245100 ms CreateObjectMapping: 0.084800 ms MarkObjects: 1.405900 ms  DeleteObjects: 0.049200 ms)

========================================================================
Received Prepare
Registering precompiled user dll's ...
Registered in 0.002813 seconds.
Begin MonoManager ReloadAssembly
Native extension for WindowsStandalone target not found
Refreshing native plugins compatible for Editor in 0.47 ms, found 0 plugins.
Preloading 0 native plugins for Editor in 0.00 ms.
Invoked RoslynAnalysisRunner static constructor.
RoslynAnalysisRunner will not be running.
RoslynAnalysisRunner has terminated.
Mono: successfully reloaded assembly
- Completed reload, in  0.900 seconds
Platform modules already initialized, skipping
Refreshing native plugins compatible for Editor in 0.49 ms, found 0 plugins.
Preloading 0 native plugins for Editor in 0.00 ms.
Unloading 1785 Unused Serialized files (Serialized files now loaded: 0)
System memory in use before: 104.6 MB.
System memory in use after: 104.7 MB.

Unloading 24 unused Assets to reduce memory usage. Loaded Objects now: 2301.
Total: 1.993500 ms (FindLiveObjects: 0.267500 ms CreateObjectMapping: 0.046800 ms MarkObjects: 1.662200 ms  DeleteObjects: 0.016000 ms)

AssetImportWorkerClient::OnTransportError - code=2 error=End of file
